<?xml version="1.0" encoding="UTF-8"?>
<!-- Generated by org.testng.reporters.JUnitReportReporter -->
<testsuite hostname="Chandan-PC" failures="0" tests="1" name="PracticeTest.SampleTest" time="11.287" errors="0" timestamp="2024-11-19T11:52:48 IST" skipped="0">
  <testcase classname="PracticeTest.SampleTest" name="CreateContactTest" time="11.287"/>
  <system-out/>
</testsuite> <!-- PracticeTest.SampleTest -->
