<?xml version="1.0" encoding="UTF-8"?>
<!-- Generated by org.testng.reporters.JUnitReportReporter -->
<testsuite hostname="Chandan-PC" failures="0" tests="1" name="PracticeTest.CreateContactTest" time="2.269" errors="0" timestamp="2024-11-19T11:24:30 IST" skipped="0">
  <testcase classname="PracticeTest.CreateContactTest" name="sampleTest" time="2.269"/>
  <system-out/>
</testsuite> <!-- PracticeTest.CreateContactTest -->
