<?xml version="1.0" encoding="UTF-8"?>
<!-- Generated by org.testng.reporters.JUnitXMLReporter -->
<testsuite ignored="0" hostname="Chandan-PC" failures="0" tests="1" name="Test-2" time="11.506" errors="0" timestamp="2024-11-18T11:05:35 IST">
  <testcase classname="Practice.ContactTest.CreateContactTest" name="ContactTest" time="0.001">
    <skipped/>
  </testcase> <!-- ContactTest -->
</testsuite> <!-- Test-2 -->
